[2022-06-22T22:36:53.439] [DEBUG] cheese - login => username:admin,password:123456
[2022-06-22T22:36:53.443] [DEBUG] cheese - admin
[2022-06-22T22:36:53.460] [DEBUG] cheese - null
[2022-06-22T22:36:53.461] [DEBUG] cheese - null
[2022-06-22T22:38:48.080] [DEBUG] cheese - login => username:admin,password:123456
[2022-06-22T22:38:48.080] [DEBUG] cheese - admin
[2022-06-22T22:38:48.086] [DEBUG] cheese - null
[2022-06-22T22:38:48.086] [DEBUG] cheese - null
[2022-06-22T22:45:35.672] [DEBUG] cheese - login => username:admin,password:123456
[2022-06-22T22:45:35.675] [DEBUG] cheese - admin
[2022-06-22T22:45:35.726] [DEBUG] cheese - null
[2022-06-22T22:45:35.727] [DEBUG] cheese - null
[2022-06-22T22:48:48.689] [DEBUG] cheese - login => username:admin,password:123456
[2022-06-22T22:48:48.689] [DEBUG] cheese - admin
[2022-06-22T22:48:48.693] [DEBUG] cheese - null
[2022-06-22T22:48:48.693] [DEBUG] cheese - null
[2022-06-22T23:07:03.264] [DEBUG] cheese - login => username:admin,password:123456
[2022-06-22T23:07:03.265] [DEBUG] cheese - admin
[2022-06-22T23:07:03.269] [DEBUG] cheese - null
[2022-06-22T23:07:03.270] [DEBUG] cheese - null
[2022-06-23T22:05:54.854] [DEBUG] cheese - login => username:admin,password:123456
[2022-06-23T22:05:54.858] [DEBUG] cheese - admin
[2022-06-23T22:05:54.896] [DEBUG] cheese - null
[2022-06-23T22:05:54.897] [DEBUG] cheese - null
[2022-06-25T11:14:40.824] [DEBUG] cheese - login => username:admin,password:123456
[2022-06-25T11:14:40.825] [DEBUG] cheese - admin
[2022-06-25T11:14:40.894] [DEBUG] cheese - null
[2022-06-25T11:14:40.895] [DEBUG] cheese - null
[2022-06-27T22:12:42.298] [DEBUG] cheese - login => username:sss,password:sss
[2022-06-27T22:12:42.304] [DEBUG] cheese - sss
[2022-06-27T22:12:42.347] [DEBUG] cheese - null
[2022-06-27T22:12:42.348] [DEBUG] cheese - null
[2022-06-27T22:16:55.456] [DEBUG] cheese - login => username:sdsd,password:sdsd
[2022-06-27T22:16:55.456] [DEBUG] cheese - sdsd
[2022-06-27T22:16:55.465] [DEBUG] cheese - null
[2022-06-27T22:16:55.465] [DEBUG] cheese - null
[2022-06-27T22:23:58.760] [DEBUG] cheese - login => username:aaaa,password:aaa
[2022-06-27T22:23:58.762] [DEBUG] cheese - aaaa
[2022-06-27T22:23:58.778] [DEBUG] cheese - null
[2022-06-27T22:23:58.779] [DEBUG] cheese - null
[2022-06-27T22:25:50.799] [DEBUG] cheese - login => username:cada,password:ss
[2022-06-27T22:25:50.799] [DEBUG] cheese - cada
[2022-06-27T22:25:50.804] [DEBUG] cheese - null
[2022-06-27T22:25:50.804] [DEBUG] cheese - null
[2022-06-27T22:26:11.054] [DEBUG] cheese - login => username:sdsad,password:asdsad
[2022-06-27T22:26:11.055] [DEBUG] cheese - sdsad
[2022-06-27T22:26:11.059] [DEBUG] cheese - null
[2022-06-27T22:26:11.060] [DEBUG] cheese - null
[2022-06-27T22:26:40.973] [DEBUG] cheese - login => username:wq,password:qwq
[2022-06-27T22:26:40.974] [DEBUG] cheese - wq
[2022-06-27T22:26:40.977] [DEBUG] cheese - null
[2022-06-27T22:26:40.977] [DEBUG] cheese - null
[2022-06-30T22:35:04.438] [DEBUG] cheese - login => username:admin,password:123456
[2022-06-30T22:35:04.440] [DEBUG] cheese - admin
[2022-06-30T22:35:04.539] [DEBUG] cheese - null
[2022-06-30T22:35:04.539] [DEBUG] cheese - null
[2022-06-30T22:35:19.008] [DEBUG] cheese - login => username:admin,password:1234562
[2022-06-30T22:35:19.009] [DEBUG] cheese - admin
[2022-06-30T22:35:19.013] [DEBUG] cheese - null
[2022-06-30T22:35:19.013] [DEBUG] cheese - null
[2022-06-30T22:35:44.275] [DEBUG] cheese - login => username:admin,password:123
[2022-06-30T22:35:44.275] [DEBUG] cheese - admin
[2022-06-30T22:35:44.282] [DEBUG] cheese - null
[2022-06-30T22:35:44.283] [DEBUG] cheese - null
[2022-06-30T22:37:59.541] [DEBUG] cheese - login => username:www,password:wwww
[2022-06-30T22:37:59.541] [DEBUG] cheese - www
[2022-06-30T22:37:59.552] [DEBUG] cheese - null
[2022-06-30T22:37:59.552] [DEBUG] cheese - null
[2022-06-30T22:40:56.628] [DEBUG] cheese - login => username:sdsds,password:sdsd
[2022-06-30T22:40:56.628] [DEBUG] cheese - sdsds
[2022-06-30T22:40:56.640] [DEBUG] cheese - null
[2022-06-30T22:40:56.640] [DEBUG] cheese - null
[2022-06-30T22:41:16.025] [DEBUG] cheese - login => username:qwqw,password:qwqw
[2022-06-30T22:41:16.025] [DEBUG] cheese - qwqw
[2022-06-30T22:41:16.029] [DEBUG] cheese - null
[2022-06-30T22:41:16.030] [DEBUG] cheese - null
[2022-06-30T22:41:31.012] [DEBUG] cheese - login => username:admin,password:1234567
[2022-06-30T22:41:31.013] [DEBUG] cheese - admin
[2022-06-30T22:41:31.021] [DEBUG] cheese - null
[2022-06-30T22:41:31.021] [DEBUG] cheese - null
[2022-06-30T22:41:40.505] [DEBUG] cheese - login => username:admin,password:123456
[2022-06-30T22:41:40.505] [DEBUG] cheese - admin
[2022-06-30T22:41:40.511] [DEBUG] cheese - null
[2022-06-30T22:41:40.512] [DEBUG] cheese - null
[2022-06-30T22:41:42.326] [DEBUG] cheese - login => username:admin,password:123456
[2022-06-30T22:41:42.327] [DEBUG] cheese - admin
[2022-06-30T22:41:42.331] [DEBUG] cheese - null
[2022-06-30T22:41:42.331] [DEBUG] cheese - null
[2022-06-30T22:43:07.105] [DEBUG] cheese - login => username:admin,password:123456
[2022-06-30T22:43:07.106] [DEBUG] cheese - admin
[2022-06-30T22:43:07.118] [DEBUG] cheese - null
[2022-06-30T22:43:07.118] [DEBUG] cheese - null
[2022-06-30T22:53:52.330] [DEBUG] cheese - login => username:admin,password:123456
[2022-06-30T22:53:52.330] [DEBUG] cheese - admin
[2022-06-30T22:53:52.343] [DEBUG] cheese - null
[2022-06-30T22:53:52.344] [DEBUG] cheese - null
[2022-06-30T22:54:23.825] [DEBUG] cheese - login => username:admin,password:123456
[2022-06-30T22:54:23.825] [DEBUG] cheese - admin
[2022-06-30T22:54:23.834] [DEBUG] cheese - null
[2022-06-30T22:54:23.834] [DEBUG] cheese - null
[2022-07-01T23:33:49.560] [DEBUG] cheese - login => username:admin,password:123456
[2022-07-01T23:33:49.561] [DEBUG] cheese - admin
[2022-07-01T23:33:49.596] [DEBUG] cheese - null
[2022-07-01T23:33:49.596] [DEBUG] cheese - null
[2022-07-01T23:35:49.216] [DEBUG] cheese - login => username:admin,password:123456
[2022-07-01T23:35:49.217] [DEBUG] cheese - admin
[2022-07-01T23:35:49.256] [DEBUG] cheese - null
[2022-07-01T23:35:49.256] [DEBUG] cheese - null
[2022-07-01T23:36:19.896] [DEBUG] cheese - login => username:admin,password:123456
[2022-07-01T23:36:19.896] [DEBUG] cheese - admin
[2022-07-01T23:36:19.901] [DEBUG] cheese - null
[2022-07-01T23:36:19.901] [DEBUG] cheese - null
[2022-08-16T15:59:03.802] [DEBUG] cheese - login => username:001,password:001
[2022-08-16T15:59:03.853] [DEBUG] cheese - 001
[2022-08-16T15:59:04.240] [DEBUG] cheese - { inspect: [Function: inspect] }
[2022-08-16T15:59:04.273] [DEBUG] cheese - 查询失败
[2022-08-16T15:59:16.712] [DEBUG] cheese - login => username:admin,password:123
[2022-08-16T15:59:16.713] [DEBUG] cheese - admin
[2022-08-16T15:59:16.720] [DEBUG] cheese - { inspect: [Function: inspect] }
[2022-08-16T15:59:16.721] [DEBUG] cheese - 查询失败
[2022-08-16T15:59:22.672] [DEBUG] cheese - login => username:admin,password:123456
[2022-08-16T15:59:22.672] [DEBUG] cheese - admin
[2022-08-16T15:59:22.686] [DEBUG] cheese - { inspect: [Function: inspect] }
[2022-08-16T15:59:22.686] [DEBUG] cheese - 查询失败
[2022-08-16T15:59:38.729] [DEBUG] cheese - login => username:root,password:root
[2022-08-16T15:59:38.730] [DEBUG] cheese - root
[2022-08-16T15:59:38.737] [DEBUG] cheese - { inspect: [Function: inspect] }
[2022-08-16T15:59:38.737] [DEBUG] cheese - 查询失败
[2022-08-16T16:03:29.192] [DEBUG] cheese - login => username:19930645001,password:123456
[2022-08-16T16:03:29.192] [DEBUG] cheese - 19930645001
[2022-08-16T16:03:29.198] [DEBUG] cheese - { inspect: [Function: inspect] }
[2022-08-16T16:03:29.198] [DEBUG] cheese - 查询失败
[2022-08-17T10:03:05.901] [DEBUG] cheese - login => username:admin,password:123456
[2022-08-17T10:03:05.903] [DEBUG] cheese - admin
[2022-08-17T10:03:06.039] [DEBUG] cheese - null
[2022-08-17T10:03:06.040] [DEBUG] cheese - null
[2022-08-17T10:03:10.877] [DEBUG] cheese - login => username:admin,password:123456
[2022-08-17T10:03:10.877] [DEBUG] cheese - admin
[2022-08-17T10:03:10.881] [DEBUG] cheese - null
[2022-08-17T10:03:10.881] [DEBUG] cheese - null
[2022-08-17T10:06:38.278] [DEBUG] cheese - login => username:admin,password:123456
[2022-08-17T10:06:38.279] [DEBUG] cheese - admin
[2022-08-17T10:06:38.287] [DEBUG] cheese - { inspect: [Function: inspect] }
[2022-08-17T10:06:38.289] [DEBUG] cheese - 查询失败
[2022-08-17T10:08:02.229] [DEBUG] cheese - login => username:root,password:123456
[2022-08-17T10:08:02.229] [DEBUG] cheese - root
[2022-08-17T10:08:02.232] [DEBUG] cheese - { inspect: [Function: inspect] }
[2022-08-17T10:08:02.233] [DEBUG] cheese - 查询失败
[2022-08-17T10:08:10.963] [DEBUG] cheese - login => username:admin,password:123456
[2022-08-17T10:08:10.963] [DEBUG] cheese - admin
[2022-08-17T10:08:10.969] [DEBUG] cheese - { inspect: [Function: inspect] }
[2022-08-17T10:08:10.969] [DEBUG] cheese - 查询失败
[2022-08-17T10:11:12.528] [DEBUG] cheese - login => username:lyz,password:123456
[2022-08-17T10:11:12.528] [DEBUG] cheese - lyz
[2022-08-17T10:11:12.534] [DEBUG] cheese - { inspect: [Function: inspect] }
[2022-08-17T10:11:12.534] [DEBUG] cheese - 查询失败
[2022-08-17T10:24:38.563] [DEBUG] cheese - login => username:123,password:123456
[2022-08-17T10:24:38.563] [DEBUG] cheese - 123
[2022-08-17T10:24:38.569] [DEBUG] cheese - { inspect: [Function: inspect] }
[2022-08-17T10:24:38.569] [DEBUG] cheese - 查询失败
[2022-08-17T10:24:50.196] [DEBUG] cheese - login => username:admin,password:123456
[2022-08-17T10:24:50.196] [DEBUG] cheese - admin
[2022-08-17T10:24:50.201] [DEBUG] cheese - { inspect: [Function: inspect] }
[2022-08-17T10:24:50.201] [DEBUG] cheese - 查询失败
[2022-08-17T10:25:13.768] [DEBUG] cheese - login => username:admin,password:123456
[2022-08-17T10:25:13.768] [DEBUG] cheese - admin
[2022-08-17T10:25:13.773] [DEBUG] cheese - { inspect: [Function: inspect] }
[2022-08-17T10:25:13.773] [DEBUG] cheese - 查询失败
[2022-08-17T10:25:30.860] [DEBUG] cheese - login => username:root,password:root
[2022-08-17T10:25:30.860] [DEBUG] cheese - root
[2022-08-17T10:25:30.866] [DEBUG] cheese - { inspect: [Function: inspect] }
[2022-08-17T10:25:30.866] [DEBUG] cheese - 查询失败
[2022-08-17T10:38:22.567] [DEBUG] cheese - login => username:admin,password:123456
[2022-08-17T10:38:22.567] [DEBUG] cheese - admin
[2022-08-17T10:38:22.608] [DEBUG] cheese - null
[2022-08-17T10:38:22.609] [DEBUG] cheese - null
[2022-08-17T10:38:25.363] [DEBUG] cheese - login => username:admin,password:123456
[2022-08-17T10:38:25.363] [DEBUG] cheese - admin
[2022-08-17T10:38:25.373] [DEBUG] cheese - null
[2022-08-17T10:38:25.373] [DEBUG] cheese - null
[2022-08-17T10:38:27.811] [DEBUG] cheese - login => username:admin,password:123456
[2022-08-17T10:38:27.811] [DEBUG] cheese - admin
[2022-08-17T10:38:27.821] [DEBUG] cheese - null
[2022-08-17T10:38:27.822] [DEBUG] cheese - null
[2022-08-17T10:38:55.383] [DEBUG] cheese - login => username:admin,password:123456
[2022-08-17T10:38:55.383] [DEBUG] cheese - admin
[2022-08-17T10:38:55.686] [DEBUG] cheese - null
[2022-08-17T10:38:55.689] [DEBUG] cheese - null
[2022-08-17T10:39:16.031] [DEBUG] cheese - login => username:admin,password:123456
[2022-08-17T10:39:16.031] [DEBUG] cheese - admin
[2022-08-17T10:39:16.036] [DEBUG] cheese - null
[2022-08-17T10:39:16.036] [DEBUG] cheese - null
[2022-08-17T11:02:12.566] [DEBUG] cheese - login => username:admin,password:123456
[2022-08-17T11:02:12.567] [DEBUG] cheese - admin
[2022-08-17T11:02:12.883] [DEBUG] cheese - null
[2022-08-17T11:02:12.884] [DEBUG] cheese - null
[2022-08-17T11:02:47.587] [DEBUG] cheese - login => username:admin,password:123456
[2022-08-17T11:02:47.587] [DEBUG] cheese - admin
[2022-08-17T11:02:47.869] [DEBUG] cheese - null
[2022-08-17T11:02:47.869] [DEBUG] cheese - null
[2022-08-17T11:02:50.245] [DEBUG] cheese - login => username:admin,password:123456
[2022-08-17T11:02:50.245] [DEBUG] cheese - admin
[2022-08-17T11:02:50.249] [DEBUG] cheese - null
[2022-08-17T11:02:50.249] [DEBUG] cheese - null
[2022-08-17T11:07:20.066] [DEBUG] cheese - login => username:admin,password:123456
[2022-08-17T11:07:20.066] [DEBUG] cheese - admin
[2022-08-17T11:07:20.071] [DEBUG] cheese - null
[2022-08-17T11:07:20.071] [DEBUG] cheese - null
[2022-08-17T11:07:21.646] [DEBUG] cheese - login => username:admin,password:123456
[2022-08-17T11:07:21.646] [DEBUG] cheese - admin
[2022-08-17T11:07:21.650] [DEBUG] cheese - null
[2022-08-17T11:07:21.650] [DEBUG] cheese - null
[2022-08-17T11:07:22.499] [DEBUG] cheese - login => username:admin,password:123456
[2022-08-17T11:07:22.499] [DEBUG] cheese - admin
[2022-08-17T11:07:22.504] [DEBUG] cheese - null
[2022-08-17T11:07:22.504] [DEBUG] cheese - null
[2022-08-17T11:09:49.742] [DEBUG] cheese - login => username:admin,password:123456
[2022-08-17T11:09:49.742] [DEBUG] cheese - admin
[2022-08-17T11:09:49.751] [DEBUG] cheese - null
[2022-08-17T11:09:49.751] [DEBUG] cheese - null
[2022-08-17T11:18:53.432] [DEBUG] cheese - login => username:ad,password:123456
[2022-08-17T11:18:53.432] [DEBUG] cheese - ad
[2022-08-17T11:18:53.441] [DEBUG] cheese - null
[2022-08-17T11:18:53.441] [DEBUG] cheese - null
[2022-08-17T11:19:00.481] [DEBUG] cheese - login => username:admin,password:1234567
[2022-08-17T11:19:00.481] [DEBUG] cheese - admin
[2022-08-17T11:19:00.485] [DEBUG] cheese - null
[2022-08-17T11:19:00.485] [DEBUG] cheese - null
[2022-08-17T11:19:05.015] [DEBUG] cheese - login => username:admin,password:123456
[2022-08-17T11:19:05.016] [DEBUG] cheese - admin
[2022-08-17T11:19:05.019] [DEBUG] cheese - null
[2022-08-17T11:19:05.019] [DEBUG] cheese - null
[2022-08-17T11:53:05.943] [DEBUG] cheese - login => username:admin,password:123456
[2022-08-17T11:53:05.948] [DEBUG] cheese - admin
[2022-08-17T11:53:06.632] [DEBUG] cheese - null
[2022-08-17T11:53:06.632] [DEBUG] cheese - null
[2022-08-17T11:56:49.002] [DEBUG] cheese - login => username:admin,password:123456
[2022-08-17T11:56:49.002] [DEBUG] cheese - admin
[2022-08-17T11:56:49.011] [DEBUG] cheese - null
[2022-08-17T11:56:49.011] [DEBUG] cheese - null
[2022-08-17T14:07:37.490] [DEBUG] cheese - login => username:admi,password:123456
[2022-08-17T14:07:37.497] [DEBUG] cheese - admi
[2022-08-17T14:07:37.722] [DEBUG] cheese - null
[2022-08-17T14:07:37.722] [DEBUG] cheese - null
[2022-08-17T14:07:43.343] [DEBUG] cheese - login => username:admin,password:123456
[2022-08-17T14:07:43.344] [DEBUG] cheese - admin
[2022-08-17T14:07:43.365] [DEBUG] cheese - null
[2022-08-17T14:07:43.365] [DEBUG] cheese - null
[2022-08-17T16:13:55.431] [DEBUG] cheese - login => username:admin,password:123456
[2022-08-17T16:13:55.441] [DEBUG] cheese - admin
[2022-08-17T16:13:55.474] [DEBUG] cheese - null
[2022-08-17T16:13:55.474] [DEBUG] cheese - null
[2022-08-18T11:29:56.852] [DEBUG] cheese - login => username:admin,password:123456
[2022-08-18T11:29:56.860] [DEBUG] cheese - admin
[2022-08-18T11:29:56.969] [DEBUG] cheese - null
[2022-08-18T11:29:56.969] [DEBUG] cheese - null
[2022-08-18T14:47:33.949] [DEBUG] cheese - login => username:admin,password:123456
[2022-08-18T14:47:33.956] [DEBUG] cheese - admin
[2022-08-18T14:47:34.008] [DEBUG] cheese - null
[2022-08-18T14:47:34.009] [DEBUG] cheese - null
[2022-08-18T15:30:03.240] [DEBUG] cheese - login => username:lyz,password:123456
[2022-08-18T15:30:03.245] [DEBUG] cheese - lyz
[2022-08-18T15:30:03.254] [DEBUG] cheese - null
[2022-08-18T15:30:03.255] [DEBUG] cheese - null
[2022-08-18T15:30:14.852] [DEBUG] cheese - login => username:admin,password:123456
[2022-08-18T15:30:14.854] [DEBUG] cheese - admin
[2022-08-18T15:30:14.859] [DEBUG] cheese - null
[2022-08-18T15:30:14.859] [DEBUG] cheese - null
[2022-08-19T08:52:42.077] [DEBUG] cheese - login => username:admin,password:123456
[2022-08-19T08:52:42.080] [DEBUG] cheese - admin
[2022-08-19T08:52:42.219] [DEBUG] cheese - null
[2022-08-19T08:52:42.220] [DEBUG] cheese - null
[2022-08-19T10:54:55.781] [DEBUG] cheese - login => username:admin,password:123456
[2022-08-19T10:54:55.790] [DEBUG] cheese - admin
[2022-08-19T10:54:56.100] [DEBUG] cheese - null
[2022-08-19T10:54:56.102] [DEBUG] cheese - null
[2022-08-19T15:08:13.832] [DEBUG] cheese - login => username:lyz,password:123456
[2022-08-19T15:08:13.836] [DEBUG] cheese - lyz
[2022-08-19T15:08:13.846] [DEBUG] cheese - null
[2022-08-19T15:08:13.847] [DEBUG] cheese - null
[2022-08-19T15:08:23.341] [DEBUG] cheese - login => username:admin,password:123456
[2022-08-19T15:08:23.341] [DEBUG] cheese - admin
[2022-08-19T15:08:23.347] [DEBUG] cheese - null
[2022-08-19T15:08:23.347] [DEBUG] cheese - null
[2022-08-19T16:51:13.034] [DEBUG] cheese - login => username:001,password:001
[2022-08-19T16:51:13.040] [DEBUG] cheese - 001
[2022-08-19T16:51:13.055] [DEBUG] cheese - null
[2022-08-19T16:51:13.055] [DEBUG] cheese - null
[2022-08-19T16:51:21.621] [DEBUG] cheese - login => username:lyz,password:123456
[2022-08-19T16:51:21.621] [DEBUG] cheese - lyz
[2022-08-19T16:51:21.625] [DEBUG] cheese - null
[2022-08-19T16:51:21.625] [DEBUG] cheese - null
[2022-08-19T16:51:32.768] [DEBUG] cheese - login => username:admin,password:1234567
[2022-08-19T16:51:32.768] [DEBUG] cheese - admin
[2022-08-19T16:51:32.783] [DEBUG] cheese - null
[2022-08-19T16:51:32.783] [DEBUG] cheese - null
[2022-08-19T16:51:36.589] [DEBUG] cheese - login => username:admin,password:123456
[2022-08-19T16:51:36.589] [DEBUG] cheese - admin
[2022-08-19T16:51:36.596] [DEBUG] cheese - null
[2022-08-19T16:51:36.597] [DEBUG] cheese - null
